2022-08-24 18:07:24.245  INFO 27900 --- [main] p.com.bootcamp.MicroService3Application  : Starting MicroService3Application using Java 17.0.3 on LIM-27JK3M3 with PID 27900 (C:\Users\lcochach\Documents\04 Solutions\JAVA\Workspaces\Level 1\ProyectoBancoS1-MicroService3\target\classes started by lcochach in C:\Users\lcochach\Documents\04 Solutions\JAVA\Workspaces\Level 1\ProyectoBancoS1-MicroService3)
2022-08-24 18:07:24.247  INFO 27900 --- [main] p.com.bootcamp.MicroService3Application  : No active profile set, falling back to 1 default profile: "default"
2022-08-24 18:07:24.281  INFO 27900 --- [main] o.s.c.c.c.ConfigServerConfigDataLoader   : Fetching config from server at : http://localhost:8888
2022-08-24 18:07:24.282  WARN 27900 --- [main] o.s.c.c.c.ConfigServerConfigDataLoader   : Could not locate PropertySource ([ConfigServerConfigDataResource@aced190 uris = array<String>['http://localhost:8888'], optional = true, profiles = list['default']]): Could not extract response: no suitable HttpMessageConverter found for response type [class org.springframework.cloud.config.environment.Environment] and content type [text/html;charset=UTF-8]
2022-08-24 18:07:24.877  INFO 27900 --- [main] .s.d.r.c.RepositoryConfigurationDelegate : Bootstrapping Spring Data Reactive MongoDB repositories in DEFAULT mode.
2022-08-24 18:07:24.888  INFO 27900 --- [main] .s.d.r.c.RepositoryConfigurationDelegate : Finished Spring Data repository scanning in 7 ms. Found 0 Reactive MongoDB repository interfaces.
2022-08-24 18:07:25.034  INFO 27900 --- [main] o.s.cloud.context.scope.GenericScope     : BeanFactory id=d41891e3-f0f9-3806-933a-2fea5cb2863a
2022-08-24 18:07:25.276  INFO 27900 --- [main] o.s.b.w.embedded.tomcat.TomcatWebServer  : Tomcat initialized with port(s): 0 (http)
2022-08-24 18:07:25.286  INFO 27900 --- [main] o.apache.catalina.core.StandardService   : Starting service [Tomcat]
2022-08-24 18:07:25.287  INFO 27900 --- [main] org.apache.catalina.core.StandardEngine  : Starting Servlet engine: [Apache Tomcat/9.0.65]
2022-08-24 18:07:25.403  INFO 27900 --- [main] o.a.c.c.C.[Tomcat].[localhost].[/]       : Initializing Spring embedded WebApplicationContext
2022-08-24 18:07:25.403  INFO 27900 --- [main] w.s.c.ServletWebServerApplicationContext : Root WebApplicationContext: initialization completed in 1119 ms
2022-08-24 18:07:25.708  INFO 27900 --- [main] org.mongodb.driver.client                : MongoClient with metadata {"driver": {"name": "mongo-java-driver|reactive-streams|spring-boot", "version": "4.6.1"}, "os": {"type": "Windows", "name": "Windows 10", "architecture": "amd64", "version": "10.0"}, "platform": "Java/Eclipse Adoptium/17.0.3+7"} created with settings MongoClientSettings{readPreference=primary, writeConcern=WriteConcern{w=null, wTimeout=null ms, journal=null}, retryWrites=true, retryReads=true, readConcern=ReadConcern{level=null}, credential=null, streamFactoryFactory=null, commandListeners=[io.micrometer.core.instrument.binder.mongodb.MongoMetricsCommandListener@22aee519], codecRegistry=ProvidersCodecRegistry{codecProviders=[ValueCodecProvider{}, BsonValueCodecProvider{}, DBRefCodecProvider{}, DBObjectCodecProvider{}, DocumentCodecProvider{}, IterableCodecProvider{}, MapCodecProvider{}, GeoJsonCodecProvider{}, GridFSFileCodecProvider{}, Jsr310CodecProvider{}, JsonObjectCodecProvider{}, BsonCodecProvider{}, EnumCodecProvider{}, com.mongodb.Jep395RecordCodecProvider@7c226095]}, clusterSettings={hosts=[localhost:27017], srvServiceName=mongodb, mode=SINGLE, requiredClusterType=UNKNOWN, requiredReplicaSetName='null', serverSelector='null', clusterListeners='[]', serverSelectionTimeout='30000 ms', localThreshold='30000 ms'}, socketSettings=SocketSettings{connectTimeoutMS=10000, readTimeoutMS=0, receiveBufferSize=0, sendBufferSize=0}, heartbeatSocketSettings=SocketSettings{connectTimeoutMS=10000, readTimeoutMS=10000, receiveBufferSize=0, sendBufferSize=0}, connectionPoolSettings=ConnectionPoolSettings{maxSize=100, minSize=0, maxWaitTimeMS=120000, maxConnectionLifeTimeMS=0, maxConnectionIdleTimeMS=0, maintenanceInitialDelayMS=0, maintenanceFrequencyMS=60000, connectionPoolListeners=[io.micrometer.core.instrument.binder.mongodb.MongoMetricsConnectionPoolListener@7ea07516], maxConnecting=2}, serverSettings=ServerSettings{heartbeatFrequencyMS=10000, minHeartbeatFrequencyMS=500, serverListeners='[]', serverMonitorListeners='[]'}, sslSettings=SslSettings{enabled=false, invalidHostNameAllowed=false, context=null}, applicationName='null', compressorList=[], uuidRepresentation=JAVA_LEGACY, serverApi=null, autoEncryptionSettings=null, contextProvider=null}
2022-08-24 18:07:25.719  INFO 27900 --- [cluster-rtt-ClusterId{value='6306af2db7a96438cd0d01e7', description='null'}-localhost:27017] org.mongodb.driver.connection            : Opened connection [connectionId{localValue:1, serverValue:132}] to localhost:27017
2022-08-24 18:07:25.720  INFO 27900 --- [cluster-ClusterId{value='6306af2db7a96438cd0d01e7', description='null'}-localhost:27017] org.mongodb.driver.connection            : Opened connection [connectionId{localValue:2, serverValue:133}] to localhost:27017
2022-08-24 18:07:25.720  INFO 27900 --- [cluster-ClusterId{value='6306af2db7a96438cd0d01e7', description='null'}-localhost:27017] org.mongodb.driver.cluster               : Monitor thread successfully connected to server with description ServerDescription{address=localhost:27017, type=STANDALONE, state=CONNECTED, ok=true, minWireVersion=0, maxWireVersion=17, maxDocumentSize=16777216, logicalSessionTimeoutMinutes=30, roundTripTimeNanos=20101500}
2022-08-24 18:07:25.772  WARN 27900 --- [main] o.s.data.convert.CustomConversions       : Registering converter from class java.time.LocalDateTime to class org.joda.time.LocalDateTime as reading converter although it doesn't convert from a store-supported type; You might want to check your annotation setup at the converter implementation
2022-08-24 18:07:25.883  WARN 27900 --- [main] o.s.data.convert.CustomConversions       : Registering converter from class java.time.LocalDateTime to class org.joda.time.LocalDateTime as reading converter although it doesn't convert from a store-supported type; You might want to check your annotation setup at the converter implementation
2022-08-24 18:07:26.539  INFO 27900 --- [main] DiscoveryClientOptionalArgsConfiguration : Eureka HTTP Client uses RestTemplate.
2022-08-24 18:07:26.584  WARN 27900 --- [main] iguration$LoadBalancerCaffeineWarnLogger : Spring Cloud LoadBalancer is currently working with the default cache. While this cache implementation is useful for development and tests, it's recommended to use Caffeine cache in production.You can switch to using Caffeine cache, by adding it and org.springframework.cache.caffeine.CaffeineCacheManager to the classpath.
2022-08-24 18:07:26.590  INFO 27900 --- [main] o.s.b.a.e.web.EndpointLinksResolver      : Exposing 1 endpoint(s) beneath base path '/actuator'
2022-08-24 18:07:26.653  INFO 27900 --- [main] o.s.b.w.embedded.tomcat.TomcatWebServer  : Tomcat started on port(s): 63604 (http) with context path ''
2022-08-24 18:07:26.654  INFO 27900 --- [main] .s.c.n.e.s.EurekaAutoServiceRegistration : Updating port to 63604
2022-08-24 18:07:26.657  INFO 27900 --- [main] o.s.c.n.eureka.InstanceInfoFactory       : Setting initial instance status as: STARTING
2022-08-24 18:07:26.699  INFO 27900 --- [main] com.netflix.discovery.DiscoveryClient    : Initializing Eureka in region us-east-1
2022-08-24 18:07:26.704  INFO 27900 --- [main] c.n.d.s.r.aws.ConfigClusterResolver      : Resolving eureka endpoints via configuration
2022-08-24 18:07:26.727  INFO 27900 --- [main] com.netflix.discovery.DiscoveryClient    : Disable delta property : false
2022-08-24 18:07:26.727  INFO 27900 --- [main] com.netflix.discovery.DiscoveryClient    : Single vip registry refresh property : null
2022-08-24 18:07:26.727  INFO 27900 --- [main] com.netflix.discovery.DiscoveryClient    : Force full registry fetch : false
2022-08-24 18:07:26.727  INFO 27900 --- [main] com.netflix.discovery.DiscoveryClient    : Application is null : false
2022-08-24 18:07:26.727  INFO 27900 --- [main] com.netflix.discovery.DiscoveryClient    : Registered Applications size is zero : true
2022-08-24 18:07:26.727  INFO 27900 --- [main] com.netflix.discovery.DiscoveryClient    : Application version is -1: true
2022-08-24 18:07:26.728  INFO 27900 --- [main] com.netflix.discovery.DiscoveryClient    : Getting all instance registry info from the eureka server
2022-08-24 18:07:26.929  INFO 27900 --- [main] com.netflix.discovery.DiscoveryClient    : The response status is 200
2022-08-24 18:07:26.935  INFO 27900 --- [main] com.netflix.discovery.DiscoveryClient    : Starting heartbeat executor: renew interval is: 30
2022-08-24 18:07:26.942  INFO 27900 --- [main] c.n.discovery.InstanceInfoReplicator     : InstanceInfoReplicator onDemand update allowed rate per min is 4
2022-08-24 18:07:26.955  INFO 27900 --- [main] com.netflix.discovery.DiscoveryClient    : Discovery Client initialized at timestamp 1661382446954 with initial instances count: 3
2022-08-24 18:07:26.956  INFO 27900 --- [main] o.s.c.n.e.s.EurekaServiceRegistry        : Registering application MICROSERVICE3 with eureka with status UP
2022-08-24 18:07:26.957  INFO 27900 --- [main] com.netflix.discovery.DiscoveryClient    : Saw local status change event StatusChangeEvent [timestamp=1661382446957, current=UP, previous=STARTING]
2022-08-24 18:07:26.959  INFO 27900 --- [DiscoveryClient-InstanceInfoReplicator-0] com.netflix.discovery.DiscoveryClient    : DiscoveryClient_MICROSERVICE3/LIM-27JK3M3.usersad.everis.int:MicroService3:0: registering service...
2022-08-24 18:07:26.991  INFO 27900 --- [DiscoveryClient-InstanceInfoReplicator-0] com.netflix.discovery.DiscoveryClient    : DiscoveryClient_MICROSERVICE3/LIM-27JK3M3.usersad.everis.int:MicroService3:0 - registration status: 204
2022-08-24 18:07:27.058  INFO 27900 --- [main] p.com.bootcamp.MicroService3Application  : Started MicroService3Application in 4.1 seconds (JVM running for 4.94)
2022-08-24 18:12:26.732  INFO 27900 --- [AsyncResolver-bootstrap-executor-0] c.n.d.s.r.aws.ConfigClusterResolver      : Resolving eureka endpoints via configuration
2022-08-24 18:17:26.734  INFO 27900 --- [AsyncResolver-bootstrap-executor-0] c.n.d.s.r.aws.ConfigClusterResolver      : Resolving eureka endpoints via configuration
2022-08-24 18:22:26.751  INFO 27900 --- [AsyncResolver-bootstrap-executor-0] c.n.d.s.r.aws.ConfigClusterResolver      : Resolving eureka endpoints via configuration
